<?xml version="1.0" encoding="UTF-8" ?>
<testsuite failures="0" time="1.217" errors="0" skipped="0" tests="1" name="com.mycompany.test.dao.CustomerDaoTest">
  <properties>
    <property name="java.runtime.name" value="Java(TM) SE Runtime Environment"/>
    <property name="sun.boot.library.path" value="C:\app\java\jdk1.6.0_16\jre\bin"/>
    <property name="java.vm.version" value="14.2-b01"/>
    <property name="java.vm.vendor" value="Sun Microsystems Inc."/>
    <property name="java.vendor.url" value="http://java.sun.com/"/>
    <property name="path.separator" value=";"/>
    <property name="java.vm.name" value="Java HotSpot(TM) Client VM"/>
    <property name="file.encoding.pkg" value="sun.io"/>
    <property name="user.country" value="FR"/>
    <property name="sun.java.launcher" value="SUN_STANDARD"/>
    <property name="sun.os.patch.level" value=""/>
    <property name="java.vm.specification.name" value="Java Virtual Machine Specification"/>
    <property name="user.dir" value="C:\Users\abdelkafi_s\workspace\myProject_JPA"/>
    <property name="java.runtime.version" value="1.6.0_16-b01"/>
    <property name="java.awt.graphicsenv" value="sun.awt.Win32GraphicsEnvironment"/>
    <property name="basedir" value="C:\Users\abdelkafi_s\workspace\myProject_JPA"/>
    <property name="java.endorsed.dirs" value="C:\app\java\jdk1.6.0_16\jre\lib\endorsed"/>
    <property name="os.arch" value="x86"/>
    <property name="surefire.real.class.path" value="C:\Users\ABDELK~1\AppData\Local\Temp\surefirebooter6987007750065666196.jar"/>
    <property name="java.io.tmpdir" value="C:\Users\ABDELK~1\AppData\Local\Temp\"/>
    <property name="line.separator" value="
"/>
    <property name="java.vm.specification.vendor" value="Sun Microsystems Inc."/>
    <property name="user.variant" value=""/>
    <property name="os.name" value="Windows 7"/>
    <property name="sun.jnu.encoding" value="Cp1252"/>
    <property name="java.library.path" value="C:\app\java\jdk1.6.0_16\jre\bin;.;C:\Windows\Sun\Java\bin;C:\Windows\system32;C:\Windows;C:/app/java/jre6/bin/client;C:/app/java/jre6/bin;C:/app/java/jre6/lib/i386;C:\Windows\system32;C:\Windows;C:\Windows\System32\Wbem;C:\Windows\System32\WindowsPowerShell\v1.0\;C:\app\svn\bin\;C:\app\java\jdk1.6.0_16\bin;C:\Program Files\TortoiseSVN\bin;C:\Program Files\Subversion\bin;D:\dev\apps\apache-ant-1.8.0\bin"/>
    <property name="surefire.test.class.path" value="C:\Users\abdelkafi_s\workspace\myProject_JPA\target\test-classes;C:\Users\abdelkafi_s\workspace\myProject_JPA\target\classes;C:\Users\abdelkafi_s\.m2\repository\org\slf4j\slf4j-api\1.6.1\slf4j-api-1.6.1.jar;C:\Users\abdelkafi_s\.m2\repository\org\springframework\spring-orm\3.0.3.RELEASE\spring-orm-3.0.3.RELEASE.jar;C:\Users\abdelkafi_s\.m2\repository\org\springframework\spring-beans\3.0.3.RELEASE\spring-beans-3.0.3.RELEASE.jar;C:\Users\abdelkafi_s\.m2\repository\org\springframework\spring-core\3.0.3.RELEASE\spring-core-3.0.3.RELEASE.jar;C:\Users\abdelkafi_s\.m2\repository\org\springframework\spring-asm\3.0.3.RELEASE\spring-asm-3.0.3.RELEASE.jar;C:\Users\abdelkafi_s\.m2\repository\commons-logging\commons-logging\1.1\commons-logging-1.1.jar;C:\Users\abdelkafi_s\.m2\repository\org\springframework\spring-jdbc\3.0.3.RELEASE\spring-jdbc-3.0.3.RELEASE.jar;C:\Users\abdelkafi_s\.m2\repository\org\springframework\spring-tx\3.0.3.RELEASE\spring-tx-3.0.3.RELEASE.jar;C:\Users\abdelkafi_s\.m2\repository\aopalliance\aopalliance\1.0\aopalliance-1.0.jar;C:\Users\abdelkafi_s\.m2\repository\org\springframework\spring-aop\3.0.3.RELEASE\spring-aop-3.0.3.RELEASE.jar;C:\Users\abdelkafi_s\.m2\repository\org\springframework\spring-context\3.0.3.RELEASE\spring-context-3.0.3.RELEASE.jar;C:\Users\abdelkafi_s\.m2\repository\org\springframework\spring-expression\3.0.3.RELEASE\spring-expression-3.0.3.RELEASE.jar;C:\Users\abdelkafi_s\.m2\repository\hibernate\hibernate-entitymanager\3.4.0.GA\hibernate-entitymanager-3.4.0.GA.jar;C:\Users\abdelkafi_s\.m2\repository\org\hibernate\ejb3-persistence\1.0.2.GA\ejb3-persistence-1.0.2.GA.jar;C:\Users\abdelkafi_s\.m2\repository\org\hibernate\hibernate-commons-annotations\3.1.0.GA\hibernate-commons-annotations-3.1.0.GA.jar;C:\Users\abdelkafi_s\.m2\repository\org\hibernate\hibernate-annotations\3.4.0.GA\hibernate-annotations-3.4.0.GA.jar;C:\Users\abdelkafi_s\.m2\repository\org\hibernate\hibernate-core\3.3.0.SP1\hibernate-core-3.3.0.SP1.jar;C:\Users\abdelkafi_s\.m2\repository\antlr\antlr\2.7.6\antlr-2.7.6.jar;C:\Users\abdelkafi_s\.m2\repository\commons-collections\commons-collections\3.2.1\commons-collections-3.2.1.jar;C:\Users\abdelkafi_s\.m2\repository\dom4j\dom4j\1.6.1\dom4j-1.6.1.jar;C:\Users\abdelkafi_s\.m2\repository\xml-apis\xml-apis\1.0.b2\xml-apis-1.0.b2.jar;C:\Users\abdelkafi_s\.m2\repository\javax\transaction\jta\1.1\jta-1.1.jar;C:\Users\abdelkafi_s\.m2\repository\javassist\javassist\3.4.GA\javassist-3.4.GA.jar;C:\Users\abdelkafi_s\.m2\repository\commons-dbcp\commons-dbcp\1.4\commons-dbcp-1.4.jar;C:\Users\abdelkafi_s\.m2\repository\commons-pool\commons-pool\1.5.4\commons-pool-1.5.4.jar;C:\Users\abdelkafi_s\.m2\repository\junit\junit\3.8.2\junit-3.8.2.jar;C:\Users\abdelkafi_s\.m2\repository\org\dbunit\dbunit\2.4.7\dbunit-2.4.7.jar;C:\Users\abdelkafi_s\.m2\repository\org\springframework\spring-hibernate3\2.0.8\spring-hibernate3-2.0.8.jar;C:\Users\abdelkafi_s\.m2\repository\log4j\log4j\1.2.12\log4j-1.2.12.jar;C:\Users\abdelkafi_s\.m2\repository\logkit\logkit\1.0.1\logkit-1.0.1.jar;C:\Users\abdelkafi_s\.m2\repository\avalon-framework\avalon-framework\4.1.3\avalon-framework-4.1.3.jar;C:\Users\abdelkafi_s\.m2\repository\javax\servlet\servlet-api\2.3\servlet-api-2.3.jar;C:\Users\abdelkafi_s\.m2\repository\org\hibernate\hibernate\3.2.5.ga\hibernate-3.2.5.ga.jar;C:\Users\abdelkafi_s\.m2\repository\net\sf\ehcache\ehcache\1.2.3\ehcache-1.2.3.jar;C:\Users\abdelkafi_s\.m2\repository\asm\asm-attrs\1.5.3\asm-attrs-1.5.3.jar;C:\Users\abdelkafi_s\.m2\repository\cglib\cglib\2.1_3\cglib-2.1_3.jar;C:\Users\abdelkafi_s\.m2\repository\asm\asm\1.5.3\asm-1.5.3.jar;C:\Users\abdelkafi_s\.m2\repository\org\springframework\spring-dao\2.0.8\spring-dao-2.0.8.jar;C:\Users\abdelkafi_s\.m2\repository\hsqldb\hsqldb\1.8.0.10\hsqldb-1.8.0.10.jar;"/>
    <property name="java.specification.name" value="Java Platform API Specification"/>
    <property name="java.class.version" value="50.0"/>
    <property name="sun.management.compiler" value="HotSpot Client Compiler"/>
    <property name="os.version" value="6.1"/>
    <property name="user.home" value="C:\Users\abdelkafi_s"/>
    <property name="user.timezone" value="Europe/Paris"/>
    <property name="java.awt.printerjob" value="sun.awt.windows.WPrinterJob"/>
    <property name="java.specification.version" value="1.6"/>
    <property name="file.encoding" value="Cp1252"/>
    <property name="user.name" value="abdelkafi_s"/>
    <property name="java.class.path" value="C:\Users\abdelkafi_s\workspace\myProject_JPA\target\test-classes;C:\Users\abdelkafi_s\workspace\myProject_JPA\target\classes;C:\Users\abdelkafi_s\.m2\repository\org\slf4j\slf4j-api\1.6.1\slf4j-api-1.6.1.jar;C:\Users\abdelkafi_s\.m2\repository\org\springframework\spring-orm\3.0.3.RELEASE\spring-orm-3.0.3.RELEASE.jar;C:\Users\abdelkafi_s\.m2\repository\org\springframework\spring-beans\3.0.3.RELEASE\spring-beans-3.0.3.RELEASE.jar;C:\Users\abdelkafi_s\.m2\repository\org\springframework\spring-core\3.0.3.RELEASE\spring-core-3.0.3.RELEASE.jar;C:\Users\abdelkafi_s\.m2\repository\org\springframework\spring-asm\3.0.3.RELEASE\spring-asm-3.0.3.RELEASE.jar;C:\Users\abdelkafi_s\.m2\repository\commons-logging\commons-logging\1.1\commons-logging-1.1.jar;C:\Users\abdelkafi_s\.m2\repository\org\springframework\spring-jdbc\3.0.3.RELEASE\spring-jdbc-3.0.3.RELEASE.jar;C:\Users\abdelkafi_s\.m2\repository\org\springframework\spring-tx\3.0.3.RELEASE\spring-tx-3.0.3.RELEASE.jar;C:\Users\abdelkafi_s\.m2\repository\aopalliance\aopalliance\1.0\aopalliance-1.0.jar;C:\Users\abdelkafi_s\.m2\repository\org\springframework\spring-aop\3.0.3.RELEASE\spring-aop-3.0.3.RELEASE.jar;C:\Users\abdelkafi_s\.m2\repository\org\springframework\spring-context\3.0.3.RELEASE\spring-context-3.0.3.RELEASE.jar;C:\Users\abdelkafi_s\.m2\repository\org\springframework\spring-expression\3.0.3.RELEASE\spring-expression-3.0.3.RELEASE.jar;C:\Users\abdelkafi_s\.m2\repository\hibernate\hibernate-entitymanager\3.4.0.GA\hibernate-entitymanager-3.4.0.GA.jar;C:\Users\abdelkafi_s\.m2\repository\org\hibernate\ejb3-persistence\1.0.2.GA\ejb3-persistence-1.0.2.GA.jar;C:\Users\abdelkafi_s\.m2\repository\org\hibernate\hibernate-commons-annotations\3.1.0.GA\hibernate-commons-annotations-3.1.0.GA.jar;C:\Users\abdelkafi_s\.m2\repository\org\hibernate\hibernate-annotations\3.4.0.GA\hibernate-annotations-3.4.0.GA.jar;C:\Users\abdelkafi_s\.m2\repository\org\hibernate\hibernate-core\3.3.0.SP1\hibernate-core-3.3.0.SP1.jar;C:\Users\abdelkafi_s\.m2\repository\antlr\antlr\2.7.6\antlr-2.7.6.jar;C:\Users\abdelkafi_s\.m2\repository\commons-collections\commons-collections\3.2.1\commons-collections-3.2.1.jar;C:\Users\abdelkafi_s\.m2\repository\dom4j\dom4j\1.6.1\dom4j-1.6.1.jar;C:\Users\abdelkafi_s\.m2\repository\xml-apis\xml-apis\1.0.b2\xml-apis-1.0.b2.jar;C:\Users\abdelkafi_s\.m2\repository\javax\transaction\jta\1.1\jta-1.1.jar;C:\Users\abdelkafi_s\.m2\repository\javassist\javassist\3.4.GA\javassist-3.4.GA.jar;C:\Users\abdelkafi_s\.m2\repository\commons-dbcp\commons-dbcp\1.4\commons-dbcp-1.4.jar;C:\Users\abdelkafi_s\.m2\repository\commons-pool\commons-pool\1.5.4\commons-pool-1.5.4.jar;C:\Users\abdelkafi_s\.m2\repository\junit\junit\3.8.2\junit-3.8.2.jar;C:\Users\abdelkafi_s\.m2\repository\org\dbunit\dbunit\2.4.7\dbunit-2.4.7.jar;C:\Users\abdelkafi_s\.m2\repository\org\springframework\spring-hibernate3\2.0.8\spring-hibernate3-2.0.8.jar;C:\Users\abdelkafi_s\.m2\repository\log4j\log4j\1.2.12\log4j-1.2.12.jar;C:\Users\abdelkafi_s\.m2\repository\logkit\logkit\1.0.1\logkit-1.0.1.jar;C:\Users\abdelkafi_s\.m2\repository\avalon-framework\avalon-framework\4.1.3\avalon-framework-4.1.3.jar;C:\Users\abdelkafi_s\.m2\repository\javax\servlet\servlet-api\2.3\servlet-api-2.3.jar;C:\Users\abdelkafi_s\.m2\repository\org\hibernate\hibernate\3.2.5.ga\hibernate-3.2.5.ga.jar;C:\Users\abdelkafi_s\.m2\repository\net\sf\ehcache\ehcache\1.2.3\ehcache-1.2.3.jar;C:\Users\abdelkafi_s\.m2\repository\asm\asm-attrs\1.5.3\asm-attrs-1.5.3.jar;C:\Users\abdelkafi_s\.m2\repository\cglib\cglib\2.1_3\cglib-2.1_3.jar;C:\Users\abdelkafi_s\.m2\repository\asm\asm\1.5.3\asm-1.5.3.jar;C:\Users\abdelkafi_s\.m2\repository\org\springframework\spring-dao\2.0.8\spring-dao-2.0.8.jar;C:\Users\abdelkafi_s\.m2\repository\hsqldb\hsqldb\1.8.0.10\hsqldb-1.8.0.10.jar;"/>
    <property name="java.vm.specification.version" value="1.0"/>
    <property name="sun.arch.data.model" value="32"/>
    <property name="java.home" value="C:\app\java\jdk1.6.0_16\jre"/>
    <property name="java.specification.vendor" value="Sun Microsystems Inc."/>
    <property name="user.language" value="fr"/>
    <property name="awt.toolkit" value="sun.awt.windows.WToolkit"/>
    <property name="java.vm.info" value="mixed mode, sharing"/>
    <property name="java.version" value="1.6.0_16"/>
    <property name="java.ext.dirs" value="C:\app\java\jdk1.6.0_16\jre\lib\ext;C:\Windows\Sun\Java\lib\ext"/>
    <property name="sun.boot.class.path" value="C:\app\java\jdk1.6.0_16\jre\lib\resources.jar;C:\app\java\jdk1.6.0_16\jre\lib\rt.jar;C:\app\java\jdk1.6.0_16\jre\lib\sunrsasign.jar;C:\app\java\jdk1.6.0_16\jre\lib\jsse.jar;C:\app\java\jdk1.6.0_16\jre\lib\jce.jar;C:\app\java\jdk1.6.0_16\jre\lib\charsets.jar;C:\app\java\jdk1.6.0_16\jre\classes"/>
    <property name="java.vendor" value="Sun Microsystems Inc."/>
    <property name="localRepository" value="C:\Users\abdelkafi_s\.m2\repository"/>
    <property name="file.separator" value="\"/>
    <property name="java.vendor.url.bug" value="http://java.sun.com/cgi-bin/bugreport.cgi"/>
    <property name="sun.cpu.endian" value="little"/>
    <property name="sun.io.unicode.encoding" value="UnicodeLittle"/>
    <property name="sun.desktop" value="windows"/>
    <property name="sun.cpu.isalist" value="pentium_pro+mmx pentium_pro pentium+mmx pentium i486 i386 i86"/>
  </properties>
  <testcase time="1.202" classname="com.mycompany.test.dao.CustomerDaoTest" name="testReadCustomer"/>
</testsuite>